SF:lib\Data\sign_in_And_sign_up_models\validators.dart
DA:9,1
DA:10,3
DA:19,1
DA:20,1
DA:21,1
DA:22,1
DA:29,1
DA:30,5
LF:8
LH:8
end_of_record
SF:lib\Screens\forget_user_name_and_password\forget_password_screen.dart
DA:20,1
DA:23,1
DA:24,1
DA:36,1
DA:38,1
DA:39,1
DA:40,1
DA:41,1
DA:43,0
DA:44,0
DA:46,1
DA:48,1
DA:49,1
DA:52,3
DA:53,3
DA:54,2
DA:55,2
DA:56,1
DA:58,1
DA:59,1
DA:60,4
DA:61,3
DA:62,2
DA:63,2
DA:64,1
DA:66,1
DA:67,1
DA:69,2
DA:71,1
DA:72,0
DA:73,0
DA:74,0
DA:75,0
DA:77,0
DA:81,1
DA:83,0
DA:84,0
DA:85,0
DA:86,0
DA:90,1
DA:92,1
DA:93,0
DA:94,0
DA:95,0
DA:96,0
DA:98,0
DA:102,1
DA:104,0
DA:105,0
DA:106,0
DA:107,0
DA:111,1
DA:113,1
DA:116,2
DA:118,1
DA:119,1
DA:120,1
DA:121,1
DA:122,0
DA:123,0
DA:126,1
DA:127,2
DA:128,1
DA:131,1
DA:134,2
DA:137,1
DA:138,0
DA:139,0
DA:140,0
DA:142,1
DA:143,2
DA:144,1
DA:146,1
DA:147,2
DA:157,1
DA:158,3
DA:159,0
DA:160,0
DA:161,0
DA:162,0
DA:163,0
DA:165,0
DA:166,0
DA:167,0
DA:168,0
DA:169,0
DA:170,0
DA:173,0
LF:88
LH:51
end_of_record
SF:lib\widgets\sign_in_and_sign_up_widgets\continue_button.dart
DA:9,4
DA:18,4
DA:20,4
DA:21,4
DA:23,4
DA:24,4
DA:25,8
DA:27,4
DA:29,8
DA:32,12
DA:35,8
DA:36,4
DA:37,8
DA:38,4
DA:41,4
DA:42,8
DA:45,8
LF:17
LH:17
end_of_record
SF:lib\Screens\to_go_screens\having_trouble_screen.dart
DA:9,0
DA:11,0
DA:13,0
DA:14,0
LF:4
LH:0
end_of_record
SF:lib\Data\sign_in_And_sign_up_models\login_forget_model.dart
DA:6,0
DA:8,0
DA:9,0
DA:10,0
DA:11,0
DA:14,0
DA:15,0
DA:16,0
DA:17,0
DA:18,0
LF:10
LH:0
end_of_record
SF:lib\networks\dio_helper.dart
DA:9,0
DA:15,0
DA:16,0
DA:17,0
DA:29,0
DA:32,0
DA:35,0
DA:43,0
DA:52,0
DA:58,0
DA:62,0
LF:11
LH:0
end_of_record
SF:lib\Screens\forget_user_name_and_password\recover_username.dart
DA:19,0
DA:23,0
DA:24,0
DA:32,0
DA:34,0
DA:35,0
DA:36,0
DA:37,0
DA:38,0
DA:40,0
DA:41,0
DA:45,0
DA:47,0
DA:48,0
DA:51,0
DA:52,0
DA:53,0
DA:54,0
DA:55,0
DA:57,0
DA:58,0
DA:59,0
DA:60,0
DA:61,0
DA:62,0
DA:63,0
DA:65,0
DA:66,0
DA:68,0
DA:70,0
DA:71,0
DA:72,0
DA:73,0
DA:74,0
DA:76,0
DA:80,0
DA:82,0
DA:83,0
DA:84,0
DA:85,0
DA:88,0
DA:90,0
DA:93,0
DA:95,0
DA:96,0
DA:97,0
DA:98,0
DA:99,0
DA:100,0
DA:102,0
DA:103,0
DA:104,0
DA:106,0
DA:107,0
DA:117,0
DA:118,0
DA:119,0
DA:120,0
DA:121,0
DA:123,0
DA:124,0
DA:125,0
DA:126,0
DA:127,0
DA:128,0
DA:129,0
DA:133,0
DA:134,0
DA:136,0
LF:69
LH:0
end_of_record
SF:lib\Screens\sign_in_and_sign_up_screen\mobile\sign_In_screen.dart
DA:19,0
DA:22,0
DA:23,0
DA:31,0
DA:33,0
DA:34,0
DA:35,0
DA:37,0
DA:38,0
DA:40,0
DA:41,0
DA:44,0
DA:45,0
DA:46,0
DA:47,0
DA:48,0
DA:49,0
DA:51,0
DA:53,0
DA:54,0
DA:55,0
DA:58,0
DA:61,0
DA:63,0
DA:64,0
DA:65,0
DA:66,0
DA:69,0
DA:71,0
DA:72,0
DA:73,0
DA:74,0
DA:75,0
DA:76,0
DA:77,0
DA:79,0
DA:83,0
DA:85,0
DA:86,0
DA:88,0
DA:89,0
DA:90,0
DA:91,0
DA:97,0
DA:98,0
DA:103,0
DA:106,0
DA:107,0
DA:108,0
DA:111,0
DA:113,0
DA:115,0
DA:121,0
DA:123,0
DA:125,0
DA:132,0
DA:133,0
DA:134,0
DA:135,0
DA:138,0
DA:139,0
DA:140,0
DA:141,0
DA:142,0
DA:143,0
DA:145,0
DA:146,0
DA:150,0
DA:153,0
LF:69
LH:0
end_of_record
SF:lib\components\default_text_field.dart
DA:11,4
DA:24,4
DA:62,4
DA:63,4
DA:72,4
DA:74,4
DA:75,8
DA:76,8
DA:77,0
DA:81,4
DA:83,8
DA:84,4
DA:87,4
DA:88,12
DA:91,4
DA:93,4
DA:94,4
DA:95,8
DA:98,8
DA:100,8
DA:102,16
DA:103,8
DA:104,12
DA:105,4
DA:106,4
DA:107,2
DA:108,2
DA:111,0
DA:112,0
DA:113,0
DA:124,8
DA:125,4
DA:126,8
DA:129,8
DA:133,8
DA:134,8
DA:135,8
LF:37
LH:33
end_of_record
SF:lib\widgets\sign_in_and_sign_up_widgets\app_bar.dart
DA:11,4
DA:24,4
DA:26,4
DA:27,4
DA:32,4
DA:33,4
DA:34,4
DA:35,4
DA:36,4
DA:43,4
DA:44,12
DA:45,4
DA:50,4
LF:13
LH:13
end_of_record
SF:lib\Data\sign_in_And_sign_up_models\sign_in_model.dart
DA:10,0
DA:12,0
DA:13,0
DA:14,0
DA:17,0
DA:18,0
DA:19,0
DA:20,0
LF:8
LH:0
end_of_record
SF:lib\Screens\forget_user_name_and_password\forget_password_screen.dart
DA:20,0
DA:23,0
DA:24,0
DA:36,0
DA:38,0
DA:39,0
DA:40,0
DA:41,0
DA:43,0
DA:44,0
DA:46,0
DA:48,0
DA:49,0
DA:52,0
DA:53,0
DA:54,0
DA:55,0
DA:56,0
DA:58,0
DA:59,0
DA:60,0
DA:61,0
DA:62,0
DA:63,0
DA:64,0
DA:66,0
DA:67,0
DA:69,0
DA:71,0
DA:72,0
DA:73,0
DA:74,0
DA:75,0
DA:77,0
DA:81,0
DA:83,0
DA:84,0
DA:85,0
DA:86,0
DA:90,0
DA:92,0
DA:93,0
DA:94,0
DA:95,0
DA:96,0
DA:98,0
DA:102,0
DA:104,0
DA:105,0
DA:106,0
DA:107,0
DA:111,0
DA:113,0
DA:116,0
DA:118,0
DA:119,0
DA:120,0
DA:121,0
DA:122,0
DA:123,0
DA:126,0
DA:127,0
DA:128,0
DA:131,0
DA:134,0
DA:137,0
DA:138,0
DA:139,0
DA:140,0
DA:142,0
DA:143,0
DA:144,0
DA:146,0
DA:147,0
DA:157,0
DA:158,0
DA:159,0
DA:160,0
DA:161,0
DA:162,0
DA:163,0
DA:165,0
DA:166,0
DA:167,0
DA:168,0
DA:169,0
DA:170,0
DA:173,0
LF:88
LH:0
end_of_record
SF:lib\Screens\sign_in_and_sign_up_screen\mobile\sign_up_screen.dart
DA:18,0
DA:22,0
DA:23,0
DA:35,0
DA:37,0
DA:38,0
DA:39,0
DA:41,0
DA:42,0
DA:44,0
DA:46,0
DA:49,0
DA:50,0
DA:54,0
DA:55,0
DA:56,0
DA:57,0
DA:59,0
DA:61,0
DA:62,0
DA:63,0
DA:67,0
DA:68,0
DA:74,0
DA:76,0
DA:77,0
DA:78,0
DA:80,0
DA:82,0
DA:83,0
DA:84,0
DA:85,0
DA:86,0
DA:87,0
DA:88,0
DA:90,0
DA:94,0
DA:96,0
DA:97,0
DA:99,0
DA:100,0
DA:101,0
DA:102,0
DA:107,0
DA:108,0
DA:109,0
DA:110,0
DA:111,0
DA:113,0
DA:117,0
DA:119,0
DA:120,0
DA:121,0
DA:123,0
DA:124,0
DA:125,0
DA:126,0
DA:131,0
DA:132,0
DA:139,0
DA:141,0
DA:143,0
DA:150,0
DA:151,0
DA:152,0
DA:153,0
DA:154,0
DA:155,0
DA:156,0
DA:157,0
DA:158,0
DA:159,0
DA:162,0
DA:163,0
DA:164,0
DA:165,0
DA:167,0
DA:168,0
DA:172,0
LF:79
LH:0
end_of_record
SF:lib\widgets\sign_in_and_sign_up_widgets\continue_with_facebook_or_google.dart
DA:12,2
DA:16,0
DA:17,0
DA:20,0
DA:21,0
DA:24,2
DA:26,2
DA:28,2
DA:30,2
DA:31,2
DA:38,2
DA:39,2
DA:40,2
DA:41,2
DA:42,6
DA:43,2
DA:48,2
DA:49,4
DA:51,2
DA:53,2
DA:55,4
DA:61,2
DA:68,2
DA:69,2
DA:70,2
DA:71,2
DA:72,6
DA:73,2
DA:78,2
DA:79,4
DA:81,2
DA:83,2
DA:85,4
DA:91,2
DA:93,2
DA:96,4
LF:36
LH:32
end_of_record
SF:lib\Data\facebook_api\facebook_api.dart
DA:9,0
DA:12,0
DA:16,0
DA:17,0
DA:20,0
DA:22,0
DA:27,0
DA:28,0
DA:34,0
DA:35,0
DA:36,0
DA:40,0
DA:41,0
DA:42,0
DA:51,0
DA:52,0
DA:53,0
DA:56,0
DA:60,0
DA:61,0
DA:67,0
DA:68,0
LF:22
LH:0
end_of_record
SF:lib\Data\google_api\google_sign_in_api.dart
DA:14,0
DA:17,0
DA:20,0
LF:3
LH:0
end_of_record
SF:lib\Data\sign_in_And_sign_up_models\sign_up_model.dart
DA:11,0
DA:15,0
DA:16,0
DA:17,0
DA:18,0
DA:23,0
DA:24,0
DA:25,0
DA:26,0
DA:27,0
LF:10
LH:0
end_of_record
SF:lib\Screens\sign_in_and_sign_up_screen\mobile\sign_In_screen.dart
DA:19,0
DA:22,0
DA:23,0
DA:31,0
DA:33,0
DA:34,0
DA:35,0
DA:37,0
DA:38,0
DA:40,0
DA:41,0
DA:44,0
DA:45,0
DA:46,0
DA:47,0
DA:48,0
DA:49,0
DA:51,0
DA:53,0
DA:54,0
DA:55,0
DA:58,0
DA:61,0
DA:63,0
DA:64,0
DA:65,0
DA:66,0
DA:69,0
DA:71,0
DA:72,0
DA:73,0
DA:74,0
DA:75,0
DA:76,0
DA:77,0
DA:79,0
DA:83,0
DA:85,0
DA:86,0
DA:88,0
DA:89,0
DA:90,0
DA:91,0
DA:97,0
DA:98,0
DA:103,0
DA:106,0
DA:107,0
DA:108,0
DA:111,0
DA:113,0
DA:115,0
DA:121,0
DA:123,0
DA:125,0
DA:132,0
DA:133,0
DA:134,0
DA:135,0
DA:138,0
DA:139,0
DA:140,0
DA:141,0
DA:142,0
DA:143,0
DA:145,0
DA:146,0
DA:150,0
DA:153,0
LF:69
LH:0
end_of_record
SF:lib\Screens\forget_user_name_and_password\recover_username.dart
DA:19,1
DA:23,1
DA:24,1
DA:32,1
DA:34,1
DA:35,1
DA:36,1
DA:37,1
DA:38,1
DA:40,0
DA:41,0
DA:45,1
DA:47,1
DA:48,1
DA:51,3
DA:52,3
DA:53,2
DA:54,2
DA:55,1
DA:57,1
DA:58,1
DA:59,4
DA:60,3
DA:61,2
DA:62,2
DA:63,1
DA:65,1
DA:66,1
DA:68,2
DA:70,1
DA:71,0
DA:72,0
DA:73,0
DA:74,0
DA:76,0
DA:80,1
DA:82,0
DA:83,0
DA:84,0
DA:85,0
DA:88,1
DA:90,1
DA:93,2
DA:95,1
DA:96,1
DA:97,1
DA:98,1
DA:99,0
DA:100,0
DA:102,1
DA:103,2
DA:104,1
DA:106,1
DA:107,1
DA:117,1
DA:118,4
DA:119,3
DA:120,2
DA:121,2
DA:123,1
DA:124,3
DA:125,0
DA:126,0
DA:127,0
DA:128,0
DA:129,0
DA:133,0
DA:134,0
DA:136,0
LF:69
LH:48
end_of_record
SF:lib\Screens\sign_in_and_sign_up_screen\mobile\sign_In_screen.dart
DA:19,1
DA:22,1
DA:23,1
DA:31,1
DA:33,1
DA:34,1
DA:35,1
DA:37,0
DA:38,0
DA:40,1
DA:41,1
DA:44,1
DA:45,1
DA:46,3
DA:47,3
DA:48,2
DA:49,2
DA:51,1
DA:53,1
DA:54,1
DA:55,1
DA:58,2
DA:61,1
DA:63,1
DA:64,3
DA:65,1
DA:66,2
DA:69,1
DA:71,1
DA:72,1
DA:73,1
DA:74,0
DA:75,0
DA:76,0
DA:77,0
DA:79,0
DA:83,1
DA:85,1
DA:86,0
DA:88,0
DA:89,0
DA:90,0
DA:91,0
DA:97,1
DA:98,1
DA:103,1
DA:106,1
DA:107,0
DA:108,0
DA:111,1
DA:113,1
DA:115,2
DA:121,1
DA:123,1
DA:125,1
DA:132,1
DA:133,3
DA:134,0
DA:135,0
DA:138,0
DA:139,0
DA:140,0
DA:141,0
DA:142,0
DA:143,0
DA:145,0
DA:146,0
DA:150,0
DA:153,0
LF:69
LH:43
end_of_record
SF:lib\Screens\sign_in_and_sign_up_screen\mobile\sign_up_screen.dart
DA:18,1
DA:22,1
DA:23,1
DA:35,1
DA:37,1
DA:38,1
DA:39,1
DA:41,0
DA:42,0
DA:44,1
DA:46,1
DA:49,1
DA:50,1
DA:54,3
DA:55,3
DA:56,2
DA:57,2
DA:59,1
DA:61,1
DA:62,1
DA:63,1
DA:67,1
DA:68,1
DA:74,1
DA:76,1
DA:77,3
DA:78,3
DA:80,1
DA:82,1
DA:83,1
DA:84,1
DA:85,0
DA:86,0
DA:87,0
DA:88,0
DA:90,0
DA:94,1
DA:96,3
DA:97,0
DA:99,0
DA:100,0
DA:101,0
DA:102,0
DA:107,1
DA:108,0
DA:109,0
DA:110,0
DA:111,0
DA:113,0
DA:117,1
DA:119,3
DA:120,3
DA:121,0
DA:123,0
DA:124,0
DA:125,0
DA:126,0
DA:131,1
DA:132,1
DA:139,1
DA:141,1
DA:143,1
DA:150,1
DA:151,3
DA:152,0
DA:153,0
DA:154,0
DA:155,0
DA:156,0
DA:157,0
DA:158,0
DA:159,0
DA:162,0
DA:163,0
DA:164,0
DA:165,0
DA:167,0
DA:168,0
DA:172,0
LF:79
LH:42
end_of_record
