SF:lib\data\temp_data\tmp_data.dart
DA:6,3
DA:19,1
DA:33,0
DA:35,3
DA:39,1
DA:49,1
DA:50,1
DA:60,0
DA:62,0
DA:66,0
DA:71,0
DA:80,0
DA:81,0
DA:87,0
DA:92,0
DA:98,0
DA:102,0
DA:108,0
DA:116,0
DA:118,0
DA:121,0
DA:127,0
DA:141,0
LF:23
LH:6
end_of_record
SF:lib\components\helpers\mocks\functions.dart
DA:12,3
DA:15,1
DA:16,6
DA:17,0
DA:18,0
DA:21,6
DA:22,4
DA:23,2
DA:24,1
DA:30,6
DA:31,1
DA:32,0
DA:33,0
DA:39,6
DA:40,1
DA:41,0
DA:42,0
DA:48,6
DA:49,1
DA:50,0
DA:51,0
DA:57,6
DA:58,1
DA:59,0
DA:60,0
LF:25
LH:15
end_of_record
SF:lib\networks\dio_helper.dart
DA:9,0
DA:15,0
DA:16,0
DA:17,0
DA:35,0
DA:42,0
DA:52,0
DA:53,0
DA:54,0
DA:59,0
DA:67,0
DA:75,0
DA:76,0
DA:77,0
DA:82,0
DA:98,0
DA:102,0
LF:17
LH:0
end_of_record
SF:lib\widgets\posts\cubit\post_cubit.dart
DA:13,3
DA:15,0
DA:37,1
DA:40,2
DA:41,1
DA:43,1
DA:44,2
DA:46,0
DA:48,1
DA:50,4
DA:51,2
DA:63,2
DA:64,2
DA:65,5
DA:66,5
DA:67,2
DA:69,2
DA:71,1
DA:72,0
DA:73,0
DA:78,0
DA:79,0
DA:80,0
DA:81,0
DA:82,0
DA:84,0
DA:85,0
DA:86,0
DA:87,0
DA:88,0
DA:89,0
DA:94,0
DA:95,0
DA:96,0
DA:97,0
DA:98,0
DA:100,0
DA:104,0
DA:105,0
DA:106,0
DA:107,0
DA:108,0
DA:110,0
DA:114,0
DA:115,0
DA:116,0
DA:117,0
DA:118,0
DA:120,0
DA:124,0
DA:125,0
DA:129,0
DA:130,0
LF:53
LH:16
end_of_record
SF:lib\components\helpers\mocks\post_cubit.mocks.dart
DA:29,0
DA:32,0
DA:40,0
DA:43,0
DA:50,0
DA:53,0
DA:60,0
DA:63,0
DA:70,1
DA:73,1
DA:83,1
DA:84,1
DA:87,0
DA:88,0
DA:89,0
DA:90,0
DA:92,0
DA:95,0
DA:96,0
DA:97,0
DA:103,0
DA:104,0
DA:105,0
DA:106,0
DA:108,0
DA:111,0
DA:113,0
DA:114,0
DA:120,0
DA:121,0
DA:122,0
DA:123,0
DA:125,0
DA:128,0
DA:129,0
DA:130,0
DA:136,0
DA:137,0
DA:138,0
DA:139,0
DA:141,0
DA:144,0
DA:145,0
DA:146,0
DA:148,0
DA:149,0
DA:153,1
DA:161,1
DA:162,1
DA:164,1
DA:165,1
DA:172,2
DA:174,1
DA:176,1
DA:177,1
DA:186,0
DA:193,0
DA:194,0
DA:196,0
DA:197,0
DA:203,0
DA:205,0
DA:207,0
DA:208,0
DA:216,1
DA:226,1
DA:227,1
DA:229,1
DA:230,1
DA:239,2
DA:241,1
DA:243,1
DA:244,1
DA:255,0
DA:264,0
DA:265,0
DA:267,0
DA:268,0
DA:276,0
DA:278,0
DA:280,0
DA:281,0
DA:291,0
DA:301,0
DA:302,0
DA:304,0
DA:305,0
DA:314,0
DA:316,0
DA:318,0
DA:319,0
DA:330,0
DA:339,0
DA:340,0
DA:342,0
DA:343,0
DA:351,0
DA:353,0
DA:355,0
DA:356,0
DA:366,0
DA:374,0
DA:375,0
DA:377,0
DA:378,0
DA:385,0
DA:387,0
DA:389,0
DA:390,0
DA:399,0
DA:406,0
DA:407,0
DA:409,0
DA:410,0
DA:416,0
DA:418,0
DA:420,0
DA:421,0
DA:429,0
DA:437,0
DA:438,0
DA:440,0
DA:441,0
DA:448,0
DA:450,0
DA:452,0
DA:453,0
DA:462,0
DA:469,0
DA:470,0
DA:472,0
DA:473,0
DA:479,0
DA:481,0
DA:483,0
DA:484,0
DA:492,0
DA:502,0
DA:503,0
DA:505,0
DA:506,0
DA:515,0
DA:517,0
DA:519,0
DA:520,0
DA:531,0
DA:540,0
DA:541,0
DA:543,0
DA:544,0
DA:552,0
DA:554,0
DA:556,0
DA:557,0
DA:567,0
DA:568,0
DA:569,0
DA:571,0
DA:575,0
DA:576,0
DA:577,0
DA:579,0
DA:583,0
DA:584,0
DA:585,0
DA:587,0
DA:591,0
DA:603,0
DA:604,0
DA:606,0
DA:610,0
DA:621,0
DA:623,0
DA:625,0
DA:629,0
DA:641,0
DA:652,0
DA:653,0
DA:655,0
DA:659,0
DA:669,0
DA:671,0
DA:673,0
DA:677,0
DA:688,0
DA:698,0
DA:699,0
DA:701,0
DA:702,0
DA:711,0
DA:713,0
DA:715,0
DA:716,0
DA:727,0
DA:736,0
DA:737,0
DA:739,0
DA:740,0
DA:748,0
DA:750,0
DA:752,0
DA:753,0
DA:763,0
DA:765,0
DA:766,0
DA:768,0
DA:770,0
DA:772,0
DA:774,0
LF:209
LH:22
end_of_record
SF:lib\data\post_model\approve.dart
DA:5,0
DA:7,0
DA:8,0
DA:9,0
DA:12,0
DA:13,0
DA:14,0
LF:7
LH:0
end_of_record
SF:lib\data\post_model\flair.dart
DA:10,1
DA:17,0
DA:18,0
DA:19,0
DA:20,0
DA:21,0
DA:24,0
DA:25,0
DA:26,0
DA:27,0
DA:28,0
LF:11
LH:1
end_of_record
SF:lib\data\post_model\image.dart
DA:6,1
DA:8,0
DA:9,0
DA:10,0
DA:11,0
DA:14,0
DA:15,0
DA:16,0
DA:17,0
LF:9
LH:1
end_of_record
SF:lib\data\post_model\moderation.dart
DA:11,0
DA:13,0
DA:14,0
DA:16,0
DA:17,0
DA:19,0
DA:20,0
DA:22,0
DA:23,0
DA:26,0
DA:27,0
DA:28,0
DA:29,0
DA:30,0
LF:14
LH:0
end_of_record
SF:lib\data\post_model\remove.dart
DA:5,0
DA:7,0
DA:8,0
DA:9,0
DA:12,0
DA:13,0
DA:14,0
LF:7
LH:0
end_of_record
SF:lib\data\post_model\spam.dart
DA:5,0
DA:7,0
DA:8,0
DA:9,0
DA:12,0
DA:13,0
DA:14,0
LF:7
LH:0
end_of_record
SF:lib\data\post_model\post_model.dart
DA:30,1
DA:56,0
DA:57,0
DA:58,0
DA:59,0
DA:60,0
DA:61,0
DA:62,0
DA:63,0
DA:64,0
DA:65,0
DA:66,0
DA:67,0
DA:68,0
DA:70,0
DA:71,0
DA:72,0
DA:73,0
DA:74,0
DA:75,0
DA:76,0
DA:77,0
DA:78,0
DA:79,0
DA:80,0
DA:81,0
DA:82,0
DA:83,0
DA:85,0
DA:88,0
DA:89,0
DA:90,0
DA:91,0
DA:92,0
DA:93,0
DA:94,0
DA:95,0
DA:96,0
DA:97,0
DA:98,0
DA:99,0
DA:100,0
DA:101,0
DA:102,0
DA:103,0
DA:104,0
DA:105,0
DA:106,0
DA:107,0
DA:108,0
DA:109,0
DA:110,0
DA:111,0
DA:114,0
DA:139,0
DA:140,0
DA:141,0
DA:142,0
DA:143,0
DA:144,0
DA:145,0
DA:146,0
DA:147,0
DA:148,0
DA:149,0
DA:150,0
DA:151,0
DA:152,0
DA:153,0
DA:154,0
DA:155,0
DA:156,0
DA:157,0
DA:158,0
DA:159,0
DA:160,0
DA:161,0
DA:162,0
LF:78
LH:1
end_of_record
SF:lib\widgets\posts\cubit\post_state.dart
DA:14,1
LF:1
LH:1
end_of_record
SF:lib\data\sign_in_And_sign_up_models\validators.dart
DA:9,1
DA:10,3
DA:19,1
DA:20,1
DA:21,1
DA:22,1
DA:29,1
DA:30,5
LF:8
LH:8
end_of_record
SF:lib\components\Button.dart
DA:24,0
DA:42,0
DA:44,0
DA:45,0
DA:46,0
DA:49,0
DA:51,0
DA:52,0
DA:54,0
DA:55,0
DA:56,0
DA:57,0
DA:60,0
DA:61,0
DA:63,0
DA:64,0
DA:66,0
DA:67,0
DA:69,0
DA:70,0
DA:71,0
DA:72,0
DA:73,0
DA:74,0
LF:24
LH:0
end_of_record
SF:lib\shared\local\shared_preferences.dart
DA:8,0
DA:10,0
DA:11,0
DA:14,0
DA:16,0
DA:17,0
DA:18,0
DA:19,0
DA:20,0
DA:21,0
DA:23,0
DA:27,0
DA:28,0
LF:13
LH:0
end_of_record
SF:lib\components\app_bar_components.dart
DA:7,0
DA:8,0
DA:10,0
DA:12,0
DA:19,0
DA:20,0
DA:21,0
LF:7
LH:0
end_of_record
SF:lib\screens\search\search_screen.dart
DA:13,5
DA:16,0
DA:17,0
DA:30,0
DA:31,0
DA:32,0
DA:33,0
DA:34,0
DA:41,0
DA:43,0
DA:44,0
DA:45,0
DA:47,0
DA:49,0
DA:50,0
DA:53,0
DA:54,0
DA:55,0
DA:56,0
DA:57,0
DA:59,0
DA:60,0
DA:61,0
DA:62,0
DA:73,0
DA:74,0
DA:77,0
DA:78,0
DA:79,0
LF:29
LH:1
end_of_record
SF:lib\components\back_to_top_button.dart
DA:7,0
DA:9,0
DA:10,0
DA:16,0
DA:18,0
DA:20,0
DA:23,0
DA:24,0
DA:25,0
DA:29,0
DA:30,0
DA:35,0
DA:38,0
DA:40,0
DA:42,0
DA:44,0
DA:45,0
DA:49,0
DA:50,0
DA:57,0
DA:64,0
DA:65,0
DA:67,0
LF:23
LH:0
end_of_record
SF:lib\components\bottom_sheet.dart
DA:21,0
DA:39,0
DA:44,0
DA:48,0
DA:49,0
DA:50,0
DA:51,0
DA:52,0
DA:57,0
DA:60,0
DA:61,0
DA:63,0
DA:66,0
DA:69,0
DA:71,0
DA:72,0
DA:76,0
DA:77,0
DA:79,0
DA:81,0
DA:83,0
DA:84,0
DA:86,0
DA:89,0
DA:90,0
DA:91,0
DA:93,0
DA:96,0
DA:97,0
DA:99,0
DA:104,0
DA:109,0
DA:110,0
DA:111,0
DA:112,0
DA:113,0
DA:119,0
DA:120,0
DA:122,0
DA:145,0
DA:151,0
DA:155,0
DA:156,0
DA:175,0
DA:186,0
DA:188,0
DA:190,0
DA:191,0
DA:192,0
DA:197,0
DA:198,0
DA:203,0
DA:204,0
DA:210,0
LF:54
LH:0
end_of_record
SF:lib\components\Button.dart
DA:24,0
DA:42,0
DA:44,0
DA:45,0
DA:46,0
DA:49,0
DA:51,0
DA:52,0
DA:54,0
DA:55,0
DA:56,0
DA:57,0
DA:60,0
DA:61,0
DA:63,0
DA:64,0
DA:66,0
DA:67,0
DA:69,0
DA:70,0
DA:71,0
DA:72,0
DA:73,0
DA:74,0
LF:24
LH:0
end_of_record
SF:lib\components\default_text_field.dart
DA:11,4
DA:24,4
DA:62,4
DA:63,4
DA:72,4
DA:74,4
DA:75,8
DA:76,8
DA:77,0
DA:81,4
DA:83,8
DA:84,4
DA:87,4
DA:88,12
DA:91,4
DA:93,4
DA:94,4
DA:95,8
DA:98,8
DA:100,8
DA:102,16
DA:103,8
DA:104,12
DA:105,4
DA:106,4
DA:107,2
DA:108,2
DA:111,0
DA:112,0
DA:113,0
DA:124,8
DA:125,4
DA:126,8
DA:129,8
DA:133,8
DA:134,8
DA:135,8
LF:37
LH:33
end_of_record
SF:lib\components\helpers\posts\helper_funcs.dart
DA:11,0
DA:12,0
DA:13,0
DA:14,0
DA:22,0
DA:23,0
DA:25,0
DA:26,0
DA:27,0
DA:28,0
DA:29,0
DA:32,0
DA:33,0
DA:35,0
DA:36,0
DA:37,0
LF:16
LH:0
end_of_record
SF:lib\screens\posts\post_screen.dart
DA:19,0
DA:24,0
DA:25,0
DA:29,0
DA:31,0
DA:32,0
DA:33,0
DA:34,0
DA:35,0
DA:36,0
DA:37,0
DA:38,0
DA:39,0
DA:41,0
DA:42,0
DA:51,0
DA:52,0
DA:53,0
DA:54,0
DA:55,0
LF:20
LH:0
end_of_record
SF:lib\components\home_app_bar.dart
DA:12,0
DA:13,0
DA:14,0
DA:17,0
DA:19,0
DA:21,0
DA:22,0
DA:23,0
DA:26,0
DA:27,0
DA:28,0
DA:29,0
DA:31,0
DA:32,0
DA:33,0
DA:34,0
DA:35,0
DA:36,0
DA:39,0
DA:41,0
DA:43,0
DA:47,0
DA:48,0
DA:49,0
DA:50,0
DA:51,0
DA:52,0
DA:57,0
DA:58,0
DA:59,0
DA:60,0
DA:64,0
DA:65,0
DA:70,0
DA:71,0
DA:76,0
DA:77,0
DA:82,0
LF:38
LH:0
end_of_record
SF:lib\components\home_dropdown_menu.dart
DA:13,5
DA:15,0
DA:16,0
DA:20,0
DA:22,0
DA:24,0
DA:26,0
DA:27,0
DA:28,0
DA:29,0
DA:31,0
DA:32,0
DA:33,0
DA:35,0
DA:36,0
DA:40,0
DA:41,0
DA:42,0
DA:43,0
DA:44,0
DA:45,0
DA:53,0
DA:54,0
DA:56,0
DA:57,0
LF:25
LH:1
end_of_record
SF:lib\components\search_field.dart
DA:18,0
DA:28,0
DA:29,0
DA:47,0
DA:49,0
DA:50,0
DA:53,0
DA:55,0
DA:56,0
DA:57,0
DA:60,0
DA:61,0
DA:72,0
DA:74,0
DA:76,0
DA:77,0
DA:78,0
DA:79,0
DA:84,0
DA:85,0
DA:86,0
DA:88,0
DA:89,0
DA:92,0
DA:93,0
DA:94,0
DA:95,0
DA:96,0
DA:98,0
DA:110,0
DA:112,0
DA:114,0
DA:119,0
DA:120,0
DA:127,0
DA:130,0
DA:131,0
DA:132,0
DA:136,0
DA:137,0
DA:138,0
DA:139,0
DA:154,0
DA:155,0
DA:157,0
DA:158,0
DA:159,0
DA:168,0
DA:169,0
DA:170,0
DA:174,0
DA:175,0
LF:52
LH:0
end_of_record
SF:lib\cubit\app_cubit.dart
DA:22,0
DA:23,0
DA:67,0
DA:68,0
DA:69,0
DA:77,0
DA:78,0
DA:79,0
DA:84,0
DA:85,0
DA:87,0
DA:90,0
DA:91,0
DA:95,0
DA:96,0
DA:120,0
DA:121,0
DA:122,0
DA:128,0
DA:129,0
DA:130,0
LF:21
LH:0
end_of_record
SF:lib\components\home_components\components.dart
DA:14,0
DA:16,0
DA:17,0
DA:18,0
DA:22,0
DA:23,0
DA:24,0
DA:25,0
DA:26,0
DA:27,0
DA:30,0
DA:32,0
DA:33,0
DA:34,0
DA:35,0
DA:36,0
DA:37,0
DA:38,0
DA:48,0
DA:50,0
DA:53,0
DA:61,0
DA:69,0
DA:77,0
DA:84,0
DA:96,0
DA:97,0
DA:98,0
DA:100,0
DA:102,0
DA:103,0
DA:107,0
DA:109,0
DA:111,0
LF:34
LH:0
end_of_record
SF:lib\screens\create_community_screen.dart
DA:20,5
DA:22,0
DA:23,0
DA:61,0
DA:62,0
DA:63,0
DA:64,0
DA:65,0
DA:66,0
DA:72,0
DA:74,0
DA:75,0
DA:76,0
DA:77,0
DA:79,0
DA:82,0
DA:83,0
DA:85,0
DA:86,0
DA:87,0
DA:91,0
DA:93,0
DA:94,0
DA:98,0
DA:100,0
DA:102,0
DA:103,0
DA:112,0
DA:114,0
DA:115,0
DA:116,0
DA:118,0
DA:121,0
DA:122,0
DA:124,0
DA:125,0
DA:127,0
DA:129,0
DA:130,0
DA:134,0
DA:135,0
DA:136,0
DA:138,0
DA:139,0
DA:140,0
DA:141,0
DA:148,0
DA:152,0
DA:153,0
DA:154,0
DA:155,0
DA:158,0
DA:159,0
DA:160,0
DA:161,0
DA:166,0
DA:168,0
DA:169,0
DA:171,0
DA:172,0
DA:173,0
DA:175,0
DA:176,0
DA:177,0
DA:179,0
DA:187,0
DA:188,0
DA:189,0
DA:190,0
DA:191,0
DA:192,0
DA:193,0
DA:194,0
DA:196,0
DA:200,0
DA:201,0
DA:202,0
DA:203,0
DA:204,0
DA:206,0
DA:209,0
DA:210,0
DA:211,0
DA:212,0
DA:213,0
DA:216,0
DA:217,0
DA:218,0
DA:224,0
DA:225,0
DA:226,0
DA:229,0
DA:230,0
DA:233,0
DA:234,0
DA:235,0
DA:236,0
DA:239,0
LF:98
LH:1
end_of_record
SF:lib\screens\to_be_done_screen.dart
DA:7,15
DA:10,0
DA:11,0
DA:15,0
DA:17,0
DA:18,0
DA:19,0
DA:20,0
DA:21,0
LF:9
LH:1
end_of_record
SF:lib\components\home_components\left_drawer.dart
DA:12,5
DA:14,0
DA:16,0
DA:18,0
DA:19,0
DA:20,0
DA:21,0
DA:22,0
DA:24,0
DA:25,0
DA:26,0
DA:27,0
DA:29,0
DA:30,0
DA:33,0
DA:34,0
DA:35,0
DA:37,0
LF:18
LH:1
end_of_record
SF:lib\components\home_components\right_drawer.dart
DA:10,5
DA:12,0
DA:14,0
DA:15,0
DA:16,0
DA:17,0
DA:18,0
DA:19,0
DA:21,0
DA:22,0
DA:24,0
DA:25,0
DA:26,0
DA:27,0
DA:29,0
DA:30,0
DA:33,0
DA:34,0
DA:36,0
DA:37,0
DA:39,0
DA:42,0
DA:44,0
DA:46,0
DA:47,0
DA:54,0
DA:55,0
DA:62,0
DA:64,0
DA:76,0
DA:80,0
LF:31
LH:1
end_of_record
SF:lib\components\square_text_field.dart
DA:12,0
DA:25,0
DA:60,0
DA:61,0
DA:68,0
DA:70,0
DA:71,0
DA:72,0
DA:73,0
DA:77,0
DA:79,0
DA:80,0
DA:83,0
DA:85,0
DA:86,0
DA:87,0
DA:88,0
DA:89,0
DA:90,0
DA:92,0
DA:93,0
DA:97,0
DA:98,0
DA:101,0
DA:102,0
DA:103,0
DA:105,0
DA:106,0
DA:111,0
DA:112,0
DA:114,0
DA:117,0
DA:118,0
DA:120,0
DA:124,0
DA:125,0
DA:128,0
DA:129,0
LF:38
LH:0
end_of_record
SF:lib\cubit\add_post\cubit\add_post_state.dart
DA:11,0
DA:15,0
DA:24,0
DA:31,0
DA:40,0
LF:5
LH:0
end_of_record
SF:lib\cubit\add_post\cubit\add_post_cubit.dart
DA:22,0
DA:73,0
DA:74,0
DA:75,0
DA:76,0
DA:79,0
DA:80,0
DA:84,0
DA:85,0
DA:86,0
DA:87,0
DA:88,0
DA:89,0
DA:90,0
DA:91,0
DA:95,0
DA:96,0
DA:97,0
DA:98,0
DA:99,0
DA:100,0
DA:101,0
DA:103,0
DA:104,0
DA:108,0
DA:109,0
DA:110,0
DA:111,0
DA:112,0
DA:113,0
DA:114,0
DA:115,0
DA:118,0
DA:119,0
DA:120,0
DA:121,0
DA:122,0
DA:126,0
DA:127,0
DA:128,0
DA:129,0
DA:130,0
DA:131,0
DA:136,0
DA:139,0
DA:141,0
DA:142,0
DA:144,0
DA:145,0
DA:146,0
DA:149,0
DA:150,0
DA:152,0
DA:153,0
DA:154,0
DA:157,0
DA:161,0
DA:162,0
DA:167,0
DA:169,0
DA:173,0
DA:174,0
DA:175,0
DA:177,0
DA:180,0
DA:181,0
DA:182,0
DA:183,0
DA:188,0
DA:189,0
DA:191,0
DA:192,0
DA:199,0
DA:200,0
DA:204,0
DA:205,0
DA:206,0
DA:207,0
DA:208,0
DA:212,0
DA:214,0
DA:215,0
DA:220,0
DA:221,0
DA:222,0
DA:223,0
DA:224,0
DA:225,0
DA:226,0
DA:227,0
DA:228,0
DA:229,0
DA:230,0
DA:231,0
DA:232,0
DA:233,0
DA:234,0
DA:237,0
DA:238,0
DA:247,0
DA:248,0
DA:249,0
DA:250,0
DA:252,0
DA:253,0
DA:254,0
DA:256,0
DA:257,0
DA:259,0
DA:260,0
DA:262,0
DA:263,0
DA:270,0
DA:271,0
DA:272,0
DA:275,0
DA:276,0
DA:277,0
DA:278,0
DA:280,0
DA:283,0
DA:284,0
DA:285,0
DA:287,0
DA:290,0
DA:291,0
DA:292,0
DA:294,0
DA:297,0
DA:298,0
DA:299,0
DA:301,0
DA:304,0
DA:305,0
DA:306,0
DA:308,0
DA:311,0
DA:312,0
DA:315,0
DA:322,0
DA:323,0
DA:324,0
DA:325,0
DA:327,0
DA:328,0
DA:330,0
DA:336,0
DA:338,0
DA:339,0
DA:340,0
DA:346,0
DA:348,0
DA:350,0
DA:354,0
DA:356,0
DA:357,0
DA:358,0
DA:360,0
DA:361,0
DA:364,0
DA:365,0
DA:370,0
DA:372,0
DA:373,0
DA:381,0
DA:382,0
DA:384,0
DA:385,0
DA:388,0
DA:389,0
DA:394,0
DA:395,0
DA:396,0
DA:402,0
DA:403,0
DA:404,0
DA:405,0
DA:406,0
DA:407,0
DA:413,0
DA:423,0
DA:424,0
DA:425,0
DA:471,0
DA:472,0
DA:473,0
DA:474,0
DA:476,0
DA:477,0
DA:478,0
DA:479,0
DA:483,0
DA:484,0
DA:486,0
DA:487,0
DA:488,0
DA:489,0
DA:491,0
DA:492,0
DA:493,0
DA:494,0
DA:496,0
DA:497,0
DA:498,0
DA:499,0
DA:501,0
DA:502,0
DA:503,0
DA:504,0
DA:508,0
DA:509,0
DA:512,0
DA:513,0
DA:514,0
DA:515,0
DA:517,0
DA:518,0
DA:519,0
DA:520,0
DA:521,0
DA:526,0
DA:527,0
DA:528,0
DA:529,0
DA:530,0
DA:531,0
DA:532,0
DA:533,0
DA:534,0
DA:535,0
DA:536,0
DA:538,0
DA:539,0
DA:541,0
LF:234
LH:0
end_of_record
SF:lib\screens\main_screen.dart
DA:16,0
DA:19,0
DA:20,0
DA:27,0
DA:28,0
DA:29,0
DA:30,0
DA:49,0
DA:51,0
DA:53,0
DA:54,0
DA:55,0
DA:56,0
DA:59,0
DA:60,0
DA:61,0
DA:64,0
DA:65,0
DA:66,0
DA:67,0
DA:69,0
DA:70,0
DA:71,0
DA:72,0
DA:73,0
DA:74,0
DA:75,0
DA:78,0
LF:28
LH:0
end_of_record
SF:lib\screens\bottom_navigation_bar_screens\explore_screen.dart
DA:7,5
DA:10,0
LF:2
LH:1
end_of_record
SF:lib\screens\bottom_navigation_bar_screens\home_screen.dart
DA:14,5
DA:17,0
DA:18,0
DA:25,0
DA:27,0
DA:29,0
DA:32,0
DA:33,0
DA:34,0
DA:38,0
DA:39,0
DA:44,0
DA:47,0
DA:49,0
DA:51,0
DA:53,0
DA:54,0
DA:55,0
DA:56,0
DA:58,0
DA:60,0
DA:62,0
DA:63,0
DA:66,0
DA:67,0
DA:68,0
DA:72,0
DA:73,0
DA:74,0
DA:75,0
DA:76,0
DA:80,0
DA:81,0
DA:82,0
DA:83,0
DA:86,0
DA:87,0
DA:88,0
DA:94,0
DA:97,0
DA:98,0
DA:99,0
DA:103,0
DA:105,0
DA:106,0
DA:107,0
DA:108,0
DA:114,0
DA:118,0
DA:120,0
DA:121,0
DA:122,0
DA:123,0
LF:53
LH:1
end_of_record
SF:lib\screens\bottom_navigation_bar_screens\inbox_screen.dart
DA:8,5
DA:11,0
LF:2
LH:1
end_of_record
SF:lib\screens\bottom_navigation_bar_screens\notifications_screen.dart
DA:8,5
DA:11,0
LF:2
LH:1
end_of_record
SF:lib\widgets\posts\post_upper_bar.dart
DA:23,0
DA:28,0
DA:42,0
DA:43,0
DA:47,0
DA:49,0
DA:51,0
DA:53,0
DA:54,0
DA:56,0
DA:57,0
DA:59,0
DA:60,0
DA:61,0
DA:62,0
DA:63,0
DA:67,0
DA:68,0
DA:69,0
DA:70,0
DA:74,0
DA:75,0
DA:78,0
DA:79,0
DA:83,0
DA:85,0
DA:96,0
DA:97,0
DA:98,0
DA:99,0
DA:100,0
DA:101,0
DA:102,0
DA:104,0
DA:107,0
DA:108,0
DA:109,0
DA:115,0
DA:116,0
DA:117,0
DA:123,0
DA:124,0
DA:125,0
DA:139,0
DA:140,0
DA:146,0
DA:147,0
DA:148,0
DA:149,0
DA:150,0
DA:151,0
DA:159,0
DA:160,0
DA:161,0
DA:162,0
DA:168,0
DA:169,0
DA:170,0
DA:171,0
DA:172,0
DA:182,0
DA:183,0
DA:184,0
DA:200,0
DA:205,0
DA:206,0
DA:207,0
DA:209,0
DA:210,0
DA:212,0
DA:213,0
DA:219,0
DA:220,0
DA:226,0
DA:227,0
LF:75
LH:0
end_of_record
SF:lib\screens\bottom_navigation_bar_screens\add_post_screen.dart
DA:7,5
DA:10,0
LF:2
LH:1
end_of_record
SF:lib\widgets\posts\post_widget.dart
DA:32,0
DA:56,0
DA:58,0
DA:59,0
DA:60,0
DA:61,0
DA:63,0
DA:64,0
DA:69,0
DA:71,0
DA:73,0
DA:74,0
DA:77,0
DA:78,0
DA:79,0
DA:80,0
DA:81,0
DA:84,0
DA:87,0
DA:89,0
DA:90,0
DA:91,0
DA:92,0
DA:95,0
DA:98,0
DA:99,0
DA:101,0
DA:105,0
DA:107,0
DA:108,0
DA:109,0
DA:111,0
DA:116,0
DA:117,0
DA:118,0
DA:120,0
DA:122,0
DA:135,0
DA:136,0
DA:138,0
DA:139,0
DA:140,0
DA:142,0
DA:143,0
DA:151,0
DA:152,0
DA:158,0
DA:159,0
DA:161,0
DA:162,0
DA:163,0
DA:168,0
DA:169,0
DA:178,0
DA:179,0
DA:181,0
DA:182,0
DA:184,0
DA:191,0
DA:193,0
DA:194,0
DA:195,0
DA:202,0
DA:205,0
DA:212,0
DA:213,0
DA:215,0
DA:216,0
DA:218,0
DA:219,0
DA:220,0
DA:222,0
DA:223,0
DA:232,0
DA:233,0
DA:234,0
DA:235,0
DA:237,0
DA:238,0
DA:239,0
DA:240,0
DA:241,0
DA:243,0
DA:245,0
DA:247,0
DA:254,0
DA:255,0
DA:260,0
DA:261,0
DA:262,0
DA:263,0
DA:264,0
DA:266,0
DA:267,0
DA:268,0
DA:269,0
DA:270,0
DA:271,0
DA:272,0
DA:285,0
DA:286,0
DA:288,0
DA:290,0
DA:291,0
DA:292,0
DA:294,0
DA:295,0
DA:296,0
LF:108
LH:0
end_of_record
SF:lib\cubit\post_notifier\post_notifier_cubit.dart
DA:9,0
DA:12,0
DA:15,0
DA:16,0
LF:4
LH:0
end_of_record
SF:lib\data\create_community_model\create_community_model.dart
DA:7,0
DA:10,0
DA:11,0
DA:12,0
DA:13,0
DA:14,0
DA:17,0
DA:18,0
DA:19,0
DA:20,0
DA:21,0
DA:22,0
LF:12
LH:0
end_of_record
SF:lib\data\facebook_api\facebook_api.dart
DA:9,0
DA:12,0
DA:16,0
DA:17,0
DA:20,0
DA:22,0
DA:27,0
DA:28,0
DA:34,0
DA:35,0
DA:36,0
DA:40,0
DA:41,0
DA:42,0
DA:51,0
DA:52,0
DA:53,0
DA:56,0
DA:60,0
DA:61,0
DA:67,0
DA:68,0
LF:22
LH:0
end_of_record
SF:lib\data\google_api\google_sign_in_api.dart
DA:14,0
DA:17,0
DA:20,0
LF:3
LH:0
end_of_record
SF:lib\data\sign_in_And_sign_up_models\login_forget_model.dart
DA:6,0
DA:8,0
DA:9,0
DA:10,0
DA:11,0
DA:14,0
DA:15,0
DA:16,0
DA:17,0
DA:18,0
LF:10
LH:0
end_of_record
SF:lib\data\sign_in_And_sign_up_models\sign_up_model.dart
DA:11,0
DA:15,0
DA:16,0
DA:17,0
DA:18,0
DA:23,0
DA:24,0
DA:25,0
DA:26,0
DA:27,0
LF:10
LH:0
end_of_record
SF:lib\screens\add_post\add_post.dart
DA:17,5
DA:20,0
DA:22,0
DA:23,0
DA:24,0
DA:25,0
DA:26,0
DA:29,0
DA:30,0
DA:31,0
DA:32,0
DA:43,0
DA:44,0
DA:45,0
DA:46,0
DA:48,0
DA:49,0
DA:50,0
DA:52,0
DA:55,0
DA:57,0
DA:59,0
DA:60,0
DA:64,0
DA:65,0
LF:25
LH:1
end_of_record
SF:lib\widgets\add_post\post_type_widget.dart
DA:22,0
DA:25,0
DA:27,0
DA:29,0
DA:30,0
DA:31,0
DA:32,0
DA:33,0
DA:34,0
DA:43,0
DA:44,0
DA:45,0
DA:46,0
DA:48,0
DA:51,0
DA:52,0
DA:53,0
DA:54,0
DA:56,0
DA:61,0
DA:62,0
DA:63,0
DA:64,0
DA:66,0
DA:71,0
DA:72,0
DA:73,0
LF:27
LH:0
end_of_record
SF:lib\widgets\add_post\add_post_textfield.dart
DA:29,0
DA:39,0
DA:41,0
DA:42,0
DA:46,0
DA:48,0
DA:49,0
DA:50,0
DA:52,0
DA:53,0
DA:54,0
DA:56,0
DA:57,0
DA:58,0
DA:60,0
DA:61,0
DA:62,0
DA:64,0
LF:18
LH:0
end_of_record
SF:lib\widgets\add_post\create_post_button.dart
DA:14,5
DA:16,0
DA:20,0
DA:21,0
DA:22,0
DA:23,0
DA:24,0
DA:30,0
DA:31,0
DA:32,0
DA:42,0
DA:44,0
DA:45,0
DA:46,0
LF:14
LH:1
end_of_record
SF:lib\widgets\add_post\post_type_buttons.dart
DA:23,0
DA:26,0
DA:28,0
DA:29,0
DA:33,0
DA:35,0
DA:36,0
DA:37,0
DA:38,0
DA:40,0
DA:41,0
DA:42,0
DA:43,0
DA:44,0
DA:45,0
DA:48,0
DA:49,0
DA:50,0
DA:51,0
DA:60,0
DA:61,0
DA:62,0
DA:63,0
DA:65,0
DA:66,0
DA:67,0
DA:68,0
DA:69,0
DA:70,0
DA:73,0
DA:76,0
DA:77,0
DA:78,0
DA:79,0
DA:80,0
DA:81,0
DA:82,0
DA:83,0
DA:92,0
DA:93,0
DA:94,0
DA:95,0
DA:96,0
DA:97,0
DA:100,0
DA:102,0
DA:103,0
DA:104,0
DA:107,0
DA:108,0
DA:109,0
DA:110,0
DA:111,0
DA:112,0
DA:115,0
DA:116,0
DA:117,0
DA:118,0
DA:119,0
DA:123,0
DA:126,0
DA:127,0
DA:128,0
DA:145,0
DA:147,0
DA:148,0
DA:149,0
DA:150,0
DA:154,0
DA:156,0
DA:158,0
DA:159,0
DA:160,0
DA:161,0
DA:163,0
DA:164,0
DA:170,0
DA:176,0
DA:177,0
DA:178,0
DA:180,0
DA:181,0
DA:183,0
DA:184,0
DA:185,0
DA:187,0
DA:188,0
DA:189,0
DA:191,0
DA:196,0
DA:205,0
DA:206,0
DA:207,0
DA:211,0
DA:212,0
DA:215,0
LF:96
LH:0
end_of_record
SF:lib\screens\add_post\community_search.dart
DA:15,0
DA:17,0
DA:18,0
DA:31,0
DA:33,0
DA:34,0
DA:35,0
DA:36,0
DA:37,0
DA:39,0
DA:41,0
DA:42,0
DA:46,0
DA:47,0
DA:51,0
DA:53,0
DA:54,0
DA:55,0
DA:60,0
DA:61,0
DA:63,0
DA:65,0
DA:66,0
DA:67,0
DA:68,0
DA:69,0
DA:76,0
DA:77,0
DA:78,0
DA:79,0
DA:80,0
DA:81,0
DA:82,0
DA:83,0
DA:85,0
DA:86,0
DA:87,0
DA:89,0
DA:98,0
DA:99,0
DA:100,0
DA:101,0
DA:102,0
DA:103,0
DA:104,0
DA:106,0
DA:108,0
DA:109,0
DA:110,0
DA:111,0
DA:113,0
DA:116,0
LF:52
LH:0
end_of_record
SF:lib\screens\add_post\post_rules.dart
DA:14,0
DA:18,0
DA:19,0
DA:24,0
DA:26,0
DA:27,0
DA:28,0
DA:29,0
DA:30,0
DA:31,0
DA:32,0
DA:35,0
DA:36,0
DA:37,0
DA:39,0
DA:40,0
DA:43,0
DA:44,0
DA:47,0
DA:52,0
DA:54,0
DA:55,0
DA:56,0
DA:57,0
DA:58,0
DA:59,0
DA:60,0
DA:65,0
DA:66,0
DA:67,0
DA:68,0
DA:69,0
DA:70,0
DA:71,0
DA:73,0
DA:74,0
DA:75,0
DA:76,0
DA:81,0
DA:82,0
DA:83,0
DA:85,0
DA:86,0
DA:95,0
DA:98,0
DA:99,0
DA:102,0
DA:103,0
DA:104,0
DA:105,0
DA:106,0
DA:107,0
DA:110,0
DA:111,0
DA:118,0
DA:120,0
DA:121,0
DA:123,0
DA:132,0
DA:134,0
DA:135,0
DA:136,0
DA:138,0
DA:140,0
DA:144,0
DA:145,0
DA:150,0
DA:151,0
DA:153,0
DA:158,0
DA:160,0
DA:161,0
LF:72
LH:0
end_of_record
SF:lib\screens\add_post\image_captions.dart
DA:17,0
DA:24,0
DA:35,0
DA:36,0
DA:42,0
DA:43,0
DA:44,0
DA:50,0
DA:52,0
DA:53,0
DA:54,0
DA:55,0
DA:56,0
DA:58,0
DA:59,0
DA:60,0
DA:64,0
DA:65,0
DA:66,0
DA:67,0
DA:73,0
DA:74,0
DA:75,0
DA:77,0
DA:79,0
DA:84,0
DA:85,0
DA:86,0
DA:87,0
DA:89,0
DA:94,0
DA:96,0
DA:97,0
DA:98,0
DA:99,0
DA:100,0
DA:102,0
DA:103,0
DA:108,0
DA:110,0
DA:111,0
DA:112,0
DA:117,0
DA:118,0
DA:120,0
DA:122,0
DA:124,0
DA:125,0
DA:126,0
DA:137,0
DA:138,0
DA:139,0
DA:141,0
DA:142,0
DA:143,0
DA:156,0
DA:158,0
DA:159,0
DA:160,0
DA:166,0
DA:168,0
DA:170,0
DA:171,0
DA:172,0
DA:179,0
DA:185,0
DA:189,0
DA:190,0
DA:191,0
DA:193,0
DA:194,0
DA:196,0
DA:200,0
DA:203,0
DA:204,0
DA:205,0
DA:209,0
DA:210,0
DA:211,0
DA:212,0
DA:219,0
DA:220,0
DA:221,0
DA:222,0
DA:223,0
DA:233,0
LF:86
LH:0
end_of_record
SF:lib\screens\add_post\image_screen.dart
DA:23,0
DA:28,0
DA:30,0
DA:31,0
DA:32,0
DA:33,0
DA:34,0
DA:35,0
DA:36,0
DA:38,0
DA:39,0
DA:40,0
DA:41,0
DA:44,0
DA:45,0
DA:49,0
DA:50,0
DA:51,0
DA:58,0
DA:59,0
DA:61,0
DA:62,0
DA:63,0
DA:70,0
DA:71,0
DA:72,0
DA:73,0
DA:74,0
DA:77,0
DA:79,0
DA:84,0
DA:86,0
DA:87,0
DA:91,0
DA:92,0
DA:93,0
DA:94,0
DA:95,0
DA:97,0
DA:98,0
DA:99,0
DA:100,0
DA:107,0
DA:108,0
DA:109,0
DA:110,0
DA:125,0
DA:126,0
DA:127,0
DA:128,0
DA:129,0
DA:137,0
DA:138,0
DA:146,0
DA:149,0
DA:155,0
LF:56
LH:0
end_of_record
SF:lib\screens\add_post\paint_screen.dart
DA:22,0
DA:24,0
DA:26,0
DA:27,0
DA:28,0
DA:29,0
DA:31,0
DA:32,0
DA:33,0
DA:36,0
DA:37,0
DA:39,0
DA:40,0
DA:41,0
DA:43,0
DA:45,0
DA:47,0
DA:52,0
DA:53,0
DA:54,0
DA:55,0
DA:56,0
LF:22
LH:0
end_of_record
SF:lib\screens\add_post\video_trimmer.dart
DA:23,0
DA:25,0
DA:26,0
DA:42,0
DA:43,0
DA:44,0
DA:50,0
DA:51,0
DA:52,0
DA:53,0
DA:54,0
DA:57,0
DA:60,0
DA:67,0
DA:68,0
DA:80,0
DA:82,0
DA:85,0
DA:86,0
DA:87,0
DA:88,0
DA:90,0
DA:91,0
DA:92,0
DA:93,0
DA:95,0
DA:98,0
DA:99,0
DA:100,0
DA:102,0
DA:103,0
DA:108,0
DA:109,0
DA:111,0
DA:112,0
DA:115,0
DA:117,0
DA:118,0
DA:120,0
DA:121,0
DA:122,0
DA:123,0
DA:124,0
DA:127,0
DA:135,0
DA:137,0
DA:138,0
DA:139,0
DA:140,0
DA:144,0
DA:145,0
DA:156,0
DA:158,0
DA:159,0
DA:160,0
DA:162,0
DA:163,0
DA:167,0
DA:168,0
DA:170,0
DA:171,0
DA:173,0
LF:62
LH:0
end_of_record
SF:lib\screens\forget_user_name_and_password\mobile\forget_password_screen.dart
DA:20,1
DA:23,1
DA:24,1
DA:38,1
DA:40,1
DA:41,1
DA:42,1
DA:43,1
DA:46,0
DA:47,0
DA:49,1
DA:51,1
DA:52,1
DA:53,1
DA:54,1
DA:57,3
DA:58,3
DA:59,2
DA:60,2
DA:61,1
DA:63,1
DA:64,1
DA:65,4
DA:66,3
DA:67,2
DA:68,2
DA:69,1
DA:71,1
DA:72,1
DA:74,2
DA:76,1
DA:78,0
DA:79,0
DA:84,0
DA:85,0
DA:86,0
DA:87,0
DA:89,0
DA:93,1
DA:95,0
DA:97,0
DA:98,0
DA:99,0
DA:102,1
DA:104,1
DA:107,0
DA:108,0
DA:113,0
DA:114,0
DA:115,0
DA:116,0
DA:118,0
DA:122,1
DA:124,0
DA:126,0
DA:127,0
DA:128,0
DA:131,1
DA:133,1
DA:136,2
DA:138,1
DA:139,1
DA:140,1
DA:141,1
DA:143,0
DA:144,0
DA:147,1
DA:148,2
DA:149,1
DA:152,1
DA:155,2
DA:158,1
DA:160,0
DA:161,0
DA:162,0
DA:164,1
DA:165,2
DA:166,1
DA:168,1
DA:170,2
DA:180,1
DA:182,3
DA:183,0
DA:185,0
DA:186,0
DA:187,0
DA:188,0
DA:190,0
DA:191,0
DA:192,0
DA:193,0
DA:194,0
DA:195,0
DA:198,0
LF:94
LH:53
end_of_record
SF:lib\screens\to_go_screens\having_trouble_screen.dart
DA:9,0
DA:11,0
DA:13,0
DA:14,0
LF:4
LH:0
end_of_record
SF:lib\screens\sign_in_and_sign_up_screen\mobile\sign_In_screen.dart
DA:25,0
DA:29,0
DA:30,0
DA:41,0
DA:42,0
DA:43,0
DA:56,0
DA:57,0
DA:59,0
DA:60,0
DA:61,0
DA:62,0
DA:64,0
DA:65,0
DA:66,0
DA:67,0
DA:70,0
DA:72,0
DA:73,0
DA:75,0
DA:78,0
DA:90,0
DA:102,0
DA:103,0
DA:104,0
DA:105,0
DA:107,0
DA:115,0
DA:117,0
DA:118,0
DA:120,0
DA:123,0
DA:124,0
DA:126,0
DA:128,0
DA:131,0
DA:132,0
DA:133,0
DA:134,0
DA:138,0
DA:139,0
DA:140,0
DA:141,0
DA:143,0
DA:145,0
DA:146,0
DA:147,0
DA:151,0
DA:152,0
DA:158,0
DA:160,0
DA:161,0
DA:162,0
DA:163,0
DA:165,0
DA:167,0
DA:168,0
DA:169,0
DA:170,0
DA:171,0
DA:177,0
DA:180,0
DA:182,0
DA:183,0
DA:185,0
DA:186,0
DA:187,0
DA:188,0
DA:193,0
DA:195,0
DA:196,0
DA:202,0
DA:206,0
DA:209,0
DA:210,0
DA:211,0
DA:215,0
DA:217,0
DA:219,0
DA:227,0
DA:229,0
DA:231,0
DA:234,0
DA:238,0
DA:239,0
DA:240,0
DA:247,0
DA:249,0
DA:250,0
DA:252,0
DA:267,0
DA:269,0
DA:270,0
DA:272,0
DA:284,0
DA:286,0
DA:287,0
DA:288,0
LF:98
LH:0
end_of_record
SF:lib\widgets\sign_in_and_sign_up_widgets\continue_button.dart
DA:9,4
DA:18,4
DA:20,4
DA:21,4
DA:23,4
DA:24,4
DA:25,8
DA:27,4
DA:29,8
DA:32,12
DA:35,8
DA:36,4
DA:37,8
DA:38,4
DA:41,4
DA:42,8
DA:45,8
LF:17
LH:17
end_of_record
SF:lib\screens\forget_user_name_and_password\mobile\recover_username.dart
DA:19,1
DA:23,1
DA:24,1
DA:32,1
DA:34,1
DA:35,1
DA:36,1
DA:37,1
DA:38,1
DA:41,0
DA:42,0
DA:46,1
DA:48,1
DA:49,1
DA:52,3
DA:53,3
DA:54,2
DA:55,2
DA:56,1
DA:58,1
DA:59,1
DA:60,4
DA:61,3
DA:62,2
DA:63,2
DA:64,1
DA:66,1
DA:67,1
DA:69,2
DA:71,1
DA:73,0
DA:74,0
DA:75,0
DA:76,0
DA:78,0
DA:82,1
DA:84,0
DA:86,0
DA:87,0
DA:88,0
DA:91,1
DA:93,1
DA:96,2
DA:98,1
DA:99,1
DA:100,1
DA:101,1
DA:103,0
DA:104,0
DA:106,1
DA:107,2
DA:108,1
DA:110,1
DA:111,1
DA:121,1
DA:122,4
DA:123,3
DA:124,2
DA:125,2
DA:127,1
DA:129,3
DA:130,0
DA:131,0
DA:132,0
DA:133,0
DA:134,0
DA:138,0
DA:139,0
DA:141,0
LF:69
LH:48
end_of_record
SF:lib\widgets\sign_in_and_sign_up_widgets\app_bar.dart
DA:11,4
DA:24,4
DA:26,4
DA:27,4
DA:32,4
DA:33,4
DA:34,4
DA:35,4
DA:36,4
DA:43,4
DA:44,12
DA:45,4
DA:50,4
LF:13
LH:13
end_of_record
SF:lib\widgets\posts\dropdown_list.dart
DA:18,0
DA:22,0
DA:32,0
DA:33,0
DA:34,0
DA:36,0
DA:38,0
DA:45,0
DA:47,0
DA:48,0
DA:49,0
DA:50,0
DA:54,0
DA:55,0
DA:56,0
DA:58,0
DA:62,0
DA:63,0
DA:65,0
DA:67,0
DA:68,0
LF:21
LH:0
end_of_record
SF:lib\screens\search\results_comments.dart
DA:7,5
DA:9,0
DA:10,0
DA:14,0
LF:4
LH:1
end_of_record
SF:lib\screens\search\results_communities.dart
DA:7,5
DA:9,0
DA:10,0
DA:14,0
LF:4
LH:1
end_of_record
SF:lib\screens\search\results_media.dart
DA:7,5
DA:9,0
DA:10,0
DA:14,0
LF:4
LH:1
end_of_record
SF:lib\screens\search\results_people.dart
DA:7,5
DA:9,0
DA:10,0
DA:14,0
LF:4
LH:1
end_of_record
SF:lib\screens\search\results_posts.dart
DA:7,5
DA:9,0
DA:10,0
DA:14,0
LF:4
LH:1
end_of_record
SF:lib\screens\search\search_results_main_screen.dart
DA:14,0
DA:17,0
DA:18,0
DA:26,0
DA:28,0
DA:29,0
DA:33,0
DA:35,0
DA:36,0
DA:37,0
DA:38,0
DA:39,0
DA:63,0
DA:64,0
LF:14
LH:0
end_of_record
SF:lib\screens\sign_in_and_sign_up_screen\mobile\sign_up_screen.dart
DA:24,1
DA:28,1
DA:29,1
DA:45,0
DA:46,0
DA:47,0
DA:60,0
DA:62,0
DA:67,0
DA:68,0
DA:69,0
DA:70,0
DA:71,0
DA:72,0
DA:73,0
DA:74,0
DA:75,0
DA:78,0
DA:80,0
DA:85,0
DA:87,0
DA:88,0
DA:94,0
DA:104,1
DA:106,1
DA:107,1
DA:109,1
DA:112,0
DA:113,0
DA:115,1
DA:117,1
DA:120,1
DA:121,1
DA:122,1
DA:123,1
DA:127,3
DA:128,3
DA:129,2
DA:130,2
DA:132,1
DA:134,1
DA:135,1
DA:136,1
DA:140,1
DA:141,1
DA:147,1
DA:149,1
DA:150,3
DA:151,3
DA:153,1
DA:155,1
DA:156,1
DA:157,1
DA:160,0
DA:161,0
DA:167,0
DA:168,0
DA:169,0
DA:170,0
DA:172,0
DA:176,1
DA:177,3
DA:178,0
DA:180,0
DA:181,0
DA:182,0
DA:183,0
DA:188,1
DA:190,0
DA:191,0
DA:196,0
DA:197,0
DA:198,0
DA:199,0
DA:201,0
DA:205,1
DA:207,3
DA:208,3
DA:209,0
DA:211,0
DA:212,0
DA:213,0
DA:214,0
DA:219,1
DA:221,0
DA:222,0
DA:227,1
DA:234,1
DA:236,1
DA:238,1
DA:241,1
DA:245,0
DA:246,1
DA:247,2
DA:254,1
DA:256,1
DA:257,1
DA:259,0
DA:274,1
DA:276,1
DA:277,1
DA:279,0
DA:291,1
DA:293,3
DA:294,0
DA:295,0
DA:296,1
LF:107
LH:54
end_of_record
SF:lib\widgets\sign_in_and_sign_up_widgets\continue_with_facebook_or_google.dart
DA:12,2
DA:16,0
DA:17,0
DA:20,0
DA:21,0
DA:24,2
DA:26,2
DA:28,2
DA:29,6
DA:30,2
DA:32,2
DA:33,2
DA:41,2
DA:42,2
DA:43,2
DA:44,2
DA:45,6
DA:46,2
DA:51,2
DA:52,2
DA:54,2
DA:56,4
DA:63,2
DA:71,2
DA:72,2
DA:73,2
DA:74,2
DA:75,6
DA:76,2
DA:81,2
DA:82,2
DA:84,2
DA:86,4
DA:93,2
DA:95,2
DA:98,4
LF:36
LH:32
end_of_record
SF:lib\screens\to_go_screens\privacy_and_policy.dart
DA:8,0
DA:11,0
DA:13,0
DA:14,0
LF:4
LH:0
end_of_record
SF:lib\screens\to_go_screens\user_agreement_screen.dart
DA:8,0
DA:11,0
DA:13,0
DA:14,0
LF:4
LH:0
end_of_record
SF:lib\widgets\add_post\image.dart
DA:17,5
DA:19,0
DA:21,0
DA:23,0
DA:24,0
DA:25,0
DA:27,0
DA:28,0
DA:30,0
DA:31,0
DA:32,0
DA:34,0
DA:35,0
DA:36,0
DA:38,0
DA:40,0
DA:41,0
DA:43,0
DA:44,0
DA:45,0
DA:46,0
DA:48,0
DA:49,0
DA:50,0
DA:51,0
DA:52,0
DA:53,0
DA:57,0
DA:63,0
DA:67,0
DA:68,0
DA:69,0
DA:72,0
DA:73,0
DA:74,0
DA:75,0
DA:78,0
DA:86,0
DA:87,0
DA:89,0
DA:90,0
DA:91,0
DA:92,0
DA:94,0
DA:95,0
DA:98,0
DA:107,0
DA:109,0
DA:110,0
DA:112,0
DA:113,0
DA:114,0
DA:115,0
DA:116,0
DA:117,0
DA:123,0
DA:125,0
DA:126,0
DA:128,0
DA:130,0
DA:135,0
DA:136,0
DA:139,0
DA:141,0
DA:142,0
LF:65
LH:1
end_of_record
SF:lib\widgets\add_post\poll_widget.dart
DA:16,0
DA:19,0
DA:21,0
DA:22,0
DA:26,0
DA:28,0
DA:29,0
DA:30,0
DA:31,0
DA:32,0
DA:33,0
DA:34,0
DA:35,0
DA:36,0
DA:37,0
DA:38,0
DA:39,0
DA:40,0
DA:41,0
DA:42,0
DA:44,0
DA:47,0
DA:50,0
DA:51,0
DA:53,0
DA:54,0
DA:55,0
DA:56,0
DA:57,0
DA:59,0
DA:60,0
DA:61,0
DA:62,0
DA:66,0
DA:67,0
DA:68,0
DA:70,0
DA:74,0
DA:75,0
DA:76,0
DA:81,0
DA:82,0
DA:83,0
DA:84,0
DA:85,0
DA:95,0
DA:98,0
DA:101,0
DA:102,0
DA:104,0
DA:105,0
DA:106,0
DA:107,0
DA:111,0
DA:112,0
DA:114,0
DA:116,0
DA:117,0
LF:58
LH:0
end_of_record
SF:lib\widgets\add_post\video.dart
DA:15,5
DA:17,0
DA:19,0
DA:20,0
DA:21,0
DA:23,0
DA:27,0
DA:28,0
DA:29,0
DA:30,0
DA:31,0
DA:32,0
DA:35,0
DA:43,0
DA:44,0
DA:46,0
DA:47,0
DA:48,0
DA:49,0
DA:50,0
DA:51,0
DA:55,0
DA:59,0
DA:60,0
DA:62,0
DA:64,0
DA:65,0
DA:67,0
DA:73,0
DA:79,0
DA:80,0
DA:81,0
DA:86,0
DA:88,0
DA:89,0
DA:91,0
DA:97,0
DA:103,0
DA:111,0
DA:113,0
DA:119,0
DA:125,0
DA:126,0
DA:138,0
DA:140,0
DA:141,0
DA:142,0
DA:143,0
DA:144,0
DA:145,0
DA:146,0
DA:148,0
LF:52
LH:1
end_of_record
SF:lib\widgets\posts\menu_items.dart
DA:12,5
DA:42,0
DA:43,0
DA:44,0
DA:45,0
DA:49,0
DA:50,0
DA:58,0
DA:59,0
DA:61,0
DA:62,0
DA:64,0
DA:65,0
DA:68,0
DA:71,0
DA:73,0
DA:74,0
DA:77,0
DA:79,0
DA:80,0
DA:84,0
DA:87,0
DA:89,0
DA:90,0
LF:24
LH:1
end_of_record
SF:lib\widgets\posts\image_page_view.dart
DA:27,0
DA:34,0
DA:38,0
DA:40,0
DA:54,0
DA:55,0
DA:64,0
DA:65,0
DA:66,0
DA:70,0
DA:75,0
DA:76,0
DA:77,0
DA:78,0
DA:79,0
DA:80,0
DA:81,0
DA:86,0
DA:89,0
DA:91,0
DA:93,0
DA:94,0
DA:95,0
DA:96,0
DA:97,0
DA:98,0
DA:99,0
DA:100,0
DA:103,0
DA:104,0
DA:105,0
DA:106,0
DA:108,0
DA:109,0
DA:110,0
DA:111,0
DA:113,0
DA:114,0
DA:115,0
DA:116,0
DA:117,0
DA:118,0
DA:119,0
DA:122,0
DA:124,0
DA:125,0
DA:127,0
DA:128,0
DA:129,0
DA:133,0
DA:134,0
DA:136,0
DA:138,0
DA:140,0
DA:141,0
DA:142,0
DA:144,0
DA:147,0
DA:148,0
DA:149,0
DA:150,0
DA:155,0
DA:157,0
DA:160,0
DA:161,0
DA:162,0
DA:163,0
DA:166,0
DA:168,0
DA:169,0
DA:170,0
DA:171,0
DA:173,0
DA:174,0
DA:178,0
DA:180,0
DA:181,0
DA:206,0
DA:207,0
DA:208,0
DA:209,0
DA:212,0
DA:213,0
DA:214,0
DA:215,0
DA:216,0
DA:217,0
DA:221,0
DA:222,0
DA:223,0
DA:225,0
DA:227,0
DA:232,0
DA:233,0
DA:234,0
DA:238,0
DA:239,0
DA:241,0
DA:247,0
DA:248,0
DA:249,0
DA:255,0
DA:257,0
DA:258,0
DA:267,0
DA:268,0
DA:269,0
DA:270,0
DA:272,0
DA:273,0
DA:274,0
LF:111
LH:0
end_of_record
SF:lib\widgets\posts\post_lower_bar.dart
DA:15,0
DA:22,0
DA:39,0
DA:41,0
DA:45,0
DA:47,0
DA:48,0
DA:49,0
DA:50,0
DA:51,0
DA:52,0
DA:53,0
DA:56,0
DA:57,0
DA:59,0
DA:63,0
DA:65,0
DA:66,0
DA:68,0
DA:69,0
DA:71,0
DA:72,0
DA:73,0
DA:74,0
DA:75,0
DA:82,0
DA:83,0
DA:85,0
DA:86,0
DA:88,0
DA:94,0
DA:97,0
DA:98,0
DA:101,0
DA:103,0
DA:105,0
DA:106,0
DA:111,0
DA:112,0
DA:115,0
DA:116,0
DA:118,0
DA:120,0
DA:121,0
DA:134,0
DA:135,0
DA:136,0
DA:137,0
DA:141,0
DA:150,0
DA:151,0
DA:152,0
DA:153,0
DA:154,0
DA:155,0
DA:156,0
DA:158,0
DA:159,0
DA:161,0
DA:163,0
DA:165,0
DA:166,0
DA:168,0
DA:170,0
DA:172,0
DA:173,0
DA:175,0
DA:177,0
DA:179,0
DA:180,0
DA:182,0
DA:184,0
DA:186,0
DA:187,0
DA:189,0
DA:191,0
DA:193,0
DA:194,0
DA:196,0
DA:198,0
DA:200,0
DA:201,0
DA:203,0
DA:208,0
DA:211,0
DA:214,0
DA:217,0
DA:220,0
DA:223,0
DA:226,0
DA:229,0
LF:91
LH:0
end_of_record
SF:lib\widgets\posts\votes_widget.dart
DA:17,0
DA:33,0
DA:35,0
DA:36,0
DA:37,0
DA:38,0
DA:39,0
DA:44,0
DA:45,0
DA:46,0
DA:47,0
DA:50,0
DA:51,0
DA:58,0
DA:60,0
DA:62,0
DA:65,0
DA:67,0
DA:68,0
DA:69,0
DA:70,0
DA:71,0
DA:77,0
DA:82,0
DA:83,0
DA:84,0
DA:85,0
DA:91,0
DA:93,0
DA:95,0
DA:101,0
DA:102,0
DA:103,0
DA:104,0
DA:105,0
DA:106,0
DA:108,0
DA:110,0
DA:112,0
LF:39
LH:0
end_of_record
SF:lib\widgets\posts\inline_image_viewer.dart
DA:19,0
DA:28,0
DA:30,0
DA:43,0
DA:44,0
DA:53,0
DA:54,0
DA:55,0
DA:59,0
DA:61,0
DA:62,0
DA:63,0
DA:64,0
DA:65,0
DA:66,0
DA:67,0
DA:68,0
DA:72,0
DA:75,0
DA:77,0
DA:78,0
DA:79,0
DA:80,0
DA:81,0
DA:83,0
DA:85,0
DA:86,0
DA:87,0
DA:88,0
DA:90,0
DA:92,0
DA:94,0
DA:95,0
DA:96,0
DA:100,0
DA:101,0
DA:103,0
DA:105,0
DA:107,0
DA:108,0
DA:109,0
DA:120,0
DA:121,0
DA:122,0
DA:124,0
DA:125,0
DA:126,0
DA:137,0
DA:138,0
DA:140,0
DA:142,0
DA:144,0
DA:145,0
DA:149,0
DA:151,0
DA:161,0
DA:162,0
DA:164,0
DA:166,0
DA:168,0
DA:169,0
DA:173,0
DA:174,0
DA:175,0
DA:185,0
DA:186,0
DA:188,0
DA:195,0
DA:197,0
DA:198,0
DA:199,0
DA:206,0
DA:207,0
DA:220,0
DA:222,0
DA:223,0
DA:226,0
DA:227,0
DA:228,0
DA:229,0
DA:231,0
DA:232,0
DA:233,0
DA:240,0
DA:241,0
DA:243,0
DA:244,0
DA:245,0
LF:88
LH:0
end_of_record
SF:lib\screens\sign_in_and_sign_up_screen\mobile\sign_In_screen.dart
DA:25,1
DA:29,1
DA:30,1
DA:41,0
DA:42,0
DA:43,0
DA:56,0
DA:57,0
DA:59,0
DA:60,0
DA:61,0
DA:62,0
DA:64,0
DA:65,0
DA:66,0
DA:67,0
DA:70,0
DA:72,0
DA:73,0
DA:75,0
DA:78,0
DA:90,0
DA:102,0
DA:103,0
DA:104,0
DA:105,0
DA:107,0
DA:115,1
DA:117,1
DA:118,1
DA:120,1
DA:123,0
DA:124,0
DA:126,1
DA:128,1
DA:131,1
DA:132,1
DA:133,1
DA:134,1
DA:138,3
DA:139,3
DA:140,2
DA:141,2
DA:143,1
DA:145,1
DA:146,1
DA:147,1
DA:151,1
DA:152,1
DA:158,1
DA:160,1
DA:161,3
DA:162,1
DA:163,3
DA:165,1
DA:167,1
DA:168,1
DA:169,1
DA:170,0
DA:171,0
DA:177,0
DA:180,1
DA:182,3
DA:183,0
DA:185,0
DA:186,0
DA:187,0
DA:188,0
DA:193,1
DA:195,0
DA:196,0
DA:202,1
DA:206,1
DA:209,1
DA:210,0
DA:211,0
DA:215,1
DA:217,1
DA:219,2
DA:227,1
DA:229,1
DA:231,1
DA:234,1
DA:238,0
DA:239,1
DA:240,2
DA:247,1
DA:249,1
DA:250,1
DA:252,0
DA:267,1
DA:269,1
DA:270,1
DA:272,0
DA:284,1
DA:286,3
DA:287,0
DA:288,1
LF:98
LH:56
end_of_record
